<?xml version="1.0" encoding="UTF-8"?>
<testsuite xmlns:xsi="http://www.w3.org/2001/XMLSchema-instance" xsi:noNamespaceSchemaLocation="https://maven.apache.org/surefire/maven-surefire-plugin/xsd/surefire-test-report.xsd" name="com.antra.evaluation.reporting_system.PDFTest" time="0.047" tests="2" errors="0" skipped="0" failures="0">
  <properties>
    <property name="java.specification.version" value="13"/>
    <property name="sun.jnu.encoding" value="UTF-8"/>
    <property name="java.class.path" value="/Users/liusiyuan/Desktop/Antra/Projects/reporting_system_aws/PDFService/target/test-classes:/Users/liusiyuan/Desktop/Antra/Projects/reporting_system_aws/PDFService/target/classes:/Users/liusiyuan/.m2/repository/javax/xml/bind/jaxb-api/2.3.0/jaxb-api-2.3.0.jar:/Users/liusiyuan/.m2/repository/com/sun/xml/bind/jaxb-impl/2.3.0/jaxb-impl-2.3.0.jar:/Users/liusiyuan/.m2/repository/com/sun/xml/bind/jaxb-core/2.3.0/jaxb-core-2.3.0.jar:/Users/liusiyuan/.m2/repository/javax/activation/activation/1.1.1/activation-1.1.1.jar:/Users/liusiyuan/.m2/repository/org/springframework/boot/spring-boot-starter-web/2.4.3/spring-boot-starter-web-2.4.3.jar:/Users/liusiyuan/.m2/repository/org/springframework/boot/spring-boot-starter/2.4.3/spring-boot-starter-2.4.3.jar:/Users/liusiyuan/.m2/repository/org/springframework/boot/spring-boot-starter-logging/2.4.3/spring-boot-starter-logging-2.4.3.jar:/Users/liusiyuan/.m2/repository/ch/qos/logback/logback-classic/1.2.3/logback-classic-1.2.3.jar:/Users/liusiyuan/.m2/repository/ch/qos/logback/logback-core/1.2.3/logback-core-1.2.3.jar:/Users/liusiyuan/.m2/repository/org/apache/logging/log4j/log4j-to-slf4j/2.13.3/log4j-to-slf4j-2.13.3.jar:/Users/liusiyuan/.m2/repository/org/apache/logging/log4j/log4j-api/2.13.3/log4j-api-2.13.3.jar:/Users/liusiyuan/.m2/repository/org/slf4j/jul-to-slf4j/1.7.30/jul-to-slf4j-1.7.30.jar:/Users/liusiyuan/.m2/repository/jakarta/annotation/jakarta.annotation-api/1.3.5/jakarta.annotation-api-1.3.5.jar:/Users/liusiyuan/.m2/repository/org/yaml/snakeyaml/1.27/snakeyaml-1.27.jar:/Users/liusiyuan/.m2/repository/org/springframework/boot/spring-boot-starter-json/2.4.3/spring-boot-starter-json-2.4.3.jar:/Users/liusiyuan/.m2/repository/com/fasterxml/jackson/datatype/jackson-datatype-jdk8/2.11.4/jackson-datatype-jdk8-2.11.4.jar:/Users/liusiyuan/.m2/repository/com/fasterxml/jackson/datatype/jackson-datatype-jsr310/2.11.4/jackson-datatype-jsr310-2.11.4.jar:/Users/liusiyuan/.m2/repository/com/fasterxml/jackson/module/jackson-module-parameter-names/2.11.4/jackson-module-parameter-names-2.11.4.jar:/Users/liusiyuan/.m2/repository/org/springframework/boot/spring-boot-starter-tomcat/2.4.3/spring-boot-starter-tomcat-2.4.3.jar:/Users/liusiyuan/.m2/repository/org/apache/tomcat/embed/tomcat-embed-core/9.0.43/tomcat-embed-core-9.0.43.jar:/Users/liusiyuan/.m2/repository/org/glassfish/jakarta.el/3.0.3/jakarta.el-3.0.3.jar:/Users/liusiyuan/.m2/repository/org/apache/tomcat/embed/tomcat-embed-websocket/9.0.43/tomcat-embed-websocket-9.0.43.jar:/Users/liusiyuan/.m2/repository/org/springframework/spring-web/5.3.4/spring-web-5.3.4.jar:/Users/liusiyuan/.m2/repository/org/springframework/spring-beans/5.3.4/spring-beans-5.3.4.jar:/Users/liusiyuan/.m2/repository/org/springframework/spring-webmvc/5.3.4/spring-webmvc-5.3.4.jar:/Users/liusiyuan/.m2/repository/org/springframework/spring-aop/5.3.4/spring-aop-5.3.4.jar:/Users/liusiyuan/.m2/repository/org/springframework/spring-expression/5.3.4/spring-expression-5.3.4.jar:/Users/liusiyuan/.m2/repository/io/springfox/springfox-swagger2/2.9.2/springfox-swagger2-2.9.2.jar:/Users/liusiyuan/.m2/repository/io/swagger/swagger-annotations/1.5.20/swagger-annotations-1.5.20.jar:/Users/liusiyuan/.m2/repository/io/swagger/swagger-models/1.5.20/swagger-models-1.5.20.jar:/Users/liusiyuan/.m2/repository/io/springfox/springfox-spi/2.9.2/springfox-spi-2.9.2.jar:/Users/liusiyuan/.m2/repository/io/springfox/springfox-core/2.9.2/springfox-core-2.9.2.jar:/Users/liusiyuan/.m2/repository/io/springfox/springfox-schema/2.9.2/springfox-schema-2.9.2.jar:/Users/liusiyuan/.m2/repository/io/springfox/springfox-swagger-common/2.9.2/springfox-swagger-common-2.9.2.jar:/Users/liusiyuan/.m2/repository/io/springfox/springfox-spring-web/2.9.2/springfox-spring-web-2.9.2.jar:/Users/liusiyuan/.m2/repository/com/google/guava/guava/20.0/guava-20.0.jar:/Users/liusiyuan/.m2/repository/com/fasterxml/classmate/1.5.1/classmate-1.5.1.jar:/Users/liusiyuan/.m2/repository/org/slf4j/slf4j-api/1.7.30/slf4j-api-1.7.30.jar:/Users/liusiyuan/.m2/repository/org/springframework/plugin/spring-plugin-core/1.2.0.RELEASE/spring-plugin-core-1.2.0.RELEASE.jar:/Users/liusiyuan/.m2/repository/org/springframework/plugin/spring-plugin-metadata/1.2.0.RELEASE/spring-plugin-metadata-1.2.0.RELEASE.jar:/Users/liusiyuan/.m2/repository/org/mapstruct/mapstruct/1.2.0.Final/mapstruct-1.2.0.Final.jar:/Users/liusiyuan/.m2/repository/io/springfox/springfox-swagger-ui/2.0.2/springfox-swagger-ui-2.0.2.jar:/Users/liusiyuan/.m2/repository/org/apache/poi/poi/4.1.0/poi-4.1.0.jar:/Users/liusiyuan/.m2/repository/commons-codec/commons-codec/1.15/commons-codec-1.15.jar:/Users/liusiyuan/.m2/repository/org/apache/commons/commons-collections4/4.3/commons-collections4-4.3.jar:/Users/liusiyuan/.m2/repository/org/apache/commons/commons-math3/3.6.1/commons-math3-3.6.1.jar:/Users/liusiyuan/.m2/repository/org/apache/poi/poi-ooxml/4.1.0/poi-ooxml-4.1.0.jar:/Users/liusiyuan/.m2/repository/org/apache/commons/commons-compress/1.18/commons-compress-1.18.jar:/Users/liusiyuan/.m2/repository/com/github/virtuald/curvesapi/1.06/curvesapi-1.06.jar:/Users/liusiyuan/.m2/repository/org/apache/poi/poi-scratchpad/4.1.0/poi-scratchpad-4.1.0.jar:/Users/liusiyuan/.m2/repository/org/apache/poi/poi-ooxml-schemas/4.1.0/poi-ooxml-schemas-4.1.0.jar:/Users/liusiyuan/.m2/repository/org/apache/xmlbeans/xmlbeans/3.1.0/xmlbeans-3.1.0.jar:/Users/liusiyuan/.m2/repository/fr/opensagres/xdocreport/fr.opensagres.poi.xwpf.converter.pdf/2.0.2/fr.opensagres.poi.xwpf.converter.pdf-2.0.2.jar:/Users/liusiyuan/.m2/repository/fr/opensagres/xdocreport/fr.opensagres.poi.xwpf.converter.core/2.0.2/fr.opensagres.poi.xwpf.converter.core-2.0.2.jar:/Users/liusiyuan/.m2/repository/org/apache/poi/ooxml-schemas/1.4/ooxml-schemas-1.4.jar:/Users/liusiyuan/.m2/repository/fr/opensagres/xdocreport/fr.opensagres.xdocreport.itext.extension/2.0.2/fr.opensagres.xdocreport.itext.extension-2.0.2.jar:/Users/liusiyuan/.m2/repository/org/springframework/boot/spring-boot-devtools/2.4.3/spring-boot-devtools-2.4.3.jar:/Users/liusiyuan/.m2/repository/org/springframework/boot/spring-boot/2.4.3/spring-boot-2.4.3.jar:/Users/liusiyuan/.m2/repository/org/springframework/boot/spring-boot-autoconfigure/2.4.3/spring-boot-autoconfigure-2.4.3.jar:/Users/liusiyuan/.m2/repository/org/springframework/boot/spring-boot-starter-test/2.4.3/spring-boot-starter-test-2.4.3.jar:/Users/liusiyuan/.m2/repository/org/springframework/boot/spring-boot-test/2.4.3/spring-boot-test-2.4.3.jar:/Users/liusiyuan/.m2/repository/org/springframework/boot/spring-boot-test-autoconfigure/2.4.3/spring-boot-test-autoconfigure-2.4.3.jar:/Users/liusiyuan/.m2/repository/com/jayway/jsonpath/json-path/2.4.0/json-path-2.4.0.jar:/Users/liusiyuan/.m2/repository/net/minidev/json-smart/2.3/json-smart-2.3.jar:/Users/liusiyuan/.m2/repository/net/minidev/accessors-smart/1.2/accessors-smart-1.2.jar:/Users/liusiyuan/.m2/repository/org/ow2/asm/asm/5.0.4/asm-5.0.4.jar:/Users/liusiyuan/.m2/repository/jakarta/xml/bind/jakarta.xml.bind-api/2.3.3/jakarta.xml.bind-api-2.3.3.jar:/Users/liusiyuan/.m2/repository/jakarta/activation/jakarta.activation-api/1.2.2/jakarta.activation-api-1.2.2.jar:/Users/liusiyuan/.m2/repository/org/assertj/assertj-core/3.18.1/assertj-core-3.18.1.jar:/Users/liusiyuan/.m2/repository/org/hamcrest/hamcrest/2.2/hamcrest-2.2.jar:/Users/liusiyuan/.m2/repository/org/junit/jupiter/junit-jupiter/5.7.1/junit-jupiter-5.7.1.jar:/Users/liusiyuan/.m2/repository/org/junit/jupiter/junit-jupiter-api/5.7.1/junit-jupiter-api-5.7.1.jar:/Users/liusiyuan/.m2/repository/org/apiguardian/apiguardian-api/1.1.0/apiguardian-api-1.1.0.jar:/Users/liusiyuan/.m2/repository/org/opentest4j/opentest4j/1.2.0/opentest4j-1.2.0.jar:/Users/liusiyuan/.m2/repository/org/junit/platform/junit-platform-commons/1.7.1/junit-platform-commons-1.7.1.jar:/Users/liusiyuan/.m2/repository/org/junit/jupiter/junit-jupiter-params/5.7.1/junit-jupiter-params-5.7.1.jar:/Users/liusiyuan/.m2/repository/org/junit/jupiter/junit-jupiter-engine/5.7.1/junit-jupiter-engine-5.7.1.jar:/Users/liusiyuan/.m2/repository/org/junit/platform/junit-platform-engine/1.7.1/junit-platform-engine-1.7.1.jar:/Users/liusiyuan/.m2/repository/org/mockito/mockito-core/3.6.28/mockito-core-3.6.28.jar:/Users/liusiyuan/.m2/repository/net/bytebuddy/byte-buddy/1.10.20/byte-buddy-1.10.20.jar:/Users/liusiyuan/.m2/repository/net/bytebuddy/byte-buddy-agent/1.10.20/byte-buddy-agent-1.10.20.jar:/Users/liusiyuan/.m2/repository/org/objenesis/objenesis/3.1/objenesis-3.1.jar:/Users/liusiyuan/.m2/repository/org/mockito/mockito-junit-jupiter/3.6.28/mockito-junit-jupiter-3.6.28.jar:/Users/liusiyuan/.m2/repository/org/skyscreamer/jsonassert/1.5.0/jsonassert-1.5.0.jar:/Users/liusiyuan/.m2/repository/com/vaadin/external/google/android-json/0.0.20131108.vaadin1/android-json-0.0.20131108.vaadin1.jar:/Users/liusiyuan/.m2/repository/org/springframework/spring-core/5.3.4/spring-core-5.3.4.jar:/Users/liusiyuan/.m2/repository/org/springframework/spring-jcl/5.3.4/spring-jcl-5.3.4.jar:/Users/liusiyuan/.m2/repository/org/springframework/spring-test/5.3.4/spring-test-5.3.4.jar:/Users/liusiyuan/.m2/repository/org/xmlunit/xmlunit-core/2.7.0/xmlunit-core-2.7.0.jar:/Users/liusiyuan/.m2/repository/io/rest-assured/spring-mock-mvc/3.0.7/spring-mock-mvc-3.0.7.jar:/Users/liusiyuan/.m2/repository/io/rest-assured/rest-assured/3.3.0/rest-assured-3.3.0.jar:/Users/liusiyuan/.m2/repository/org/codehaus/groovy/groovy/2.5.14/groovy-2.5.14.jar:/Users/liusiyuan/.m2/repository/org/codehaus/groovy/groovy-xml/2.5.14/groovy-xml-2.5.14.jar:/Users/liusiyuan/.m2/repository/org/apache/httpcomponents/httpclient/4.5.13/httpclient-4.5.13.jar:/Users/liusiyuan/.m2/repository/org/apache/httpcomponents/httpcore/4.4.14/httpcore-4.4.14.jar:/Users/liusiyuan/.m2/repository/org/apache/httpcomponents/httpmime/4.5.13/httpmime-4.5.13.jar:/Users/liusiyuan/.m2/repository/org/hamcrest/hamcrest-core/2.2/hamcrest-core-2.2.jar:/Users/liusiyuan/.m2/repository/org/hamcrest/hamcrest-library/2.2/hamcrest-library-2.2.jar:/Users/liusiyuan/.m2/repository/org/ccil/cowan/tagsoup/tagsoup/1.2.1/tagsoup-1.2.1.jar:/Users/liusiyuan/.m2/repository/io/rest-assured/json-path/3.3.0/json-path-3.3.0.jar:/Users/liusiyuan/.m2/repository/org/codehaus/groovy/groovy-json/2.5.14/groovy-json-2.5.14.jar:/Users/liusiyuan/.m2/repository/io/rest-assured/rest-assured-common/3.3.0/rest-assured-common-3.3.0.jar:/Users/liusiyuan/.m2/repository/io/rest-assured/xml-path/3.3.0/xml-path-3.3.0.jar:/Users/liusiyuan/.m2/repository/com/sun/xml/bind/jaxb-osgi/2.2.10/jaxb-osgi-2.2.10.jar:/Users/liusiyuan/.m2/repository/org/apache/sling/org.apache.sling.javax.activation/0.1.0/org.apache.sling.javax.activation-0.1.0.jar:/Users/liusiyuan/.m2/repository/org/hamcrest/hamcrest-all/1.3/hamcrest-all-1.3.jar:/Users/liusiyuan/.m2/repository/org/springframework/cloud/spring-cloud-aws-messaging/2.2.1.RELEASE/spring-cloud-aws-messaging-2.2.1.RELEASE.jar:/Users/liusiyuan/.m2/repository/org/springframework/cloud/spring-cloud-aws-context/2.2.1.RELEASE/spring-cloud-aws-context-2.2.1.RELEASE.jar:/Users/liusiyuan/.m2/repository/org/springframework/cloud/spring-cloud-aws-core/2.2.1.RELEASE/spring-cloud-aws-core-2.2.1.RELEASE.jar:/Users/liusiyuan/.m2/repository/com/amazonaws/aws-java-sdk-ec2/1.11.415/aws-java-sdk-ec2-1.11.415.jar:/Users/liusiyuan/.m2/repository/com/amazonaws/aws-java-sdk-cloudformation/1.11.415/aws-java-sdk-cloudformation-1.11.415.jar:/Users/liusiyuan/.m2/repository/com/amazonaws/aws-java-sdk-sns/1.11.415/aws-java-sdk-sns-1.11.415.jar:/Users/liusiyuan/.m2/repository/com/amazonaws/aws-java-sdk-core/1.11.415/aws-java-sdk-core-1.11.415.jar:/Users/liusiyuan/.m2/repository/software/amazon/ion/ion-java/1.0.2/ion-java-1.0.2.jar:/Users/liusiyuan/.m2/repository/com/fasterxml/jackson/dataformat/jackson-dataformat-cbor/2.11.4/jackson-dataformat-cbor-2.11.4.jar:/Users/liusiyuan/.m2/repository/joda-time/joda-time/2.8.1/joda-time-2.8.1.jar:/Users/liusiyuan/.m2/repository/com/amazonaws/jmespath-java/1.11.415/jmespath-java-1.11.415.jar:/Users/liusiyuan/.m2/repository/com/amazonaws/aws-java-sdk-sqs/1.11.415/aws-java-sdk-sqs-1.11.415.jar:/Users/liusiyuan/.m2/repository/org/springframework/spring-messaging/5.3.4/spring-messaging-5.3.4.jar:/Users/liusiyuan/.m2/repository/javax/activation/javax.activation-api/1.2.0/javax.activation-api-1.2.0.jar:/Users/liusiyuan/.m2/repository/org/springframework/cloud/spring-cloud-starter-aws/2.2.1.RELEASE/spring-cloud-starter-aws-2.2.1.RELEASE.jar:/Users/liusiyuan/.m2/repository/org/springframework/cloud/spring-cloud-aws-autoconfigure/2.2.1.RELEASE/spring-cloud-aws-autoconfigure-2.2.1.RELEASE.jar:/Users/liusiyuan/.m2/repository/org/springframework/boot/spring-boot-starter-data-mongodb/2.4.3/spring-boot-starter-data-mongodb-2.4.3.jar:/Users/liusiyuan/.m2/repository/org/mongodb/mongodb-driver-sync/4.1.1/mongodb-driver-sync-4.1.1.jar:/Users/liusiyuan/.m2/repository/org/mongodb/bson/4.1.1/bson-4.1.1.jar:/Users/liusiyuan/.m2/repository/org/mongodb/mongodb-driver-core/4.1.1/mongodb-driver-core-4.1.1.jar:/Users/liusiyuan/.m2/repository/org/springframework/data/spring-data-mongodb/3.1.5/spring-data-mongodb-3.1.5.jar:/Users/liusiyuan/.m2/repository/com/github/derjust/spring-data-dynamodb/5.1.0/spring-data-dynamodb-5.1.0.jar:/Users/liusiyuan/.m2/repository/org/springframework/spring-context/5.3.4/spring-context-5.3.4.jar:/Users/liusiyuan/.m2/repository/org/springframework/spring-tx/5.3.4/spring-tx-5.3.4.jar:/Users/liusiyuan/.m2/repository/org/springframework/data/spring-data-commons/2.4.5/spring-data-commons-2.4.5.jar:/Users/liusiyuan/.m2/repository/org/hibernate/validator/hibernate-validator/6.1.7.Final/hibernate-validator-6.1.7.Final.jar:/Users/liusiyuan/.m2/repository/jakarta/validation/jakarta.validation-api/2.0.2/jakarta.validation-api-2.0.2.jar:/Users/liusiyuan/.m2/repository/org/jboss/logging/jboss-logging/3.4.1.Final/jboss-logging-3.4.1.Final.jar:/Users/liusiyuan/.m2/repository/com/amazonaws/aws-java-sdk-dynamodb/1.11.443/aws-java-sdk-dynamodb-1.11.443.jar:/Users/liusiyuan/.m2/repository/com/amazonaws/aws-java-sdk-s3/1.11.443/aws-java-sdk-s3-1.11.443.jar:/Users/liusiyuan/.m2/repository/com/amazonaws/aws-java-sdk-kms/1.11.443/aws-java-sdk-kms-1.11.443.jar:/Users/liusiyuan/.m2/repository/javax/enterprise/cdi-api/1.2/cdi-api-1.2.jar:/Users/liusiyuan/.m2/repository/javax/el/javax.el-api/3.0.0/javax.el-api-3.0.0.jar:/Users/liusiyuan/.m2/repository/javax/interceptor/javax.interceptor-api/1.2/javax.interceptor-api-1.2.jar:/Users/liusiyuan/.m2/repository/javax/inject/javax.inject/1/javax.inject-1.jar:/Users/liusiyuan/.m2/repository/de/flapdoodle/embed/de.flapdoodle.embed.mongo/2.2.0/de.flapdoodle.embed.mongo-2.2.0.jar:/Users/liusiyuan/.m2/repository/de/flapdoodle/embed/de.flapdoodle.embed.process/2.1.2/de.flapdoodle.embed.process-2.1.2.jar:/Users/liusiyuan/.m2/repository/org/apache/commons/commons-lang3/3.11/commons-lang3-3.11.jar:/Users/liusiyuan/.m2/repository/net/java/dev/jna/jna/4.0.0/jna-4.0.0.jar:/Users/liusiyuan/.m2/repository/net/java/dev/jna/jna-platform/4.0.0/jna-platform-4.0.0.jar:/Users/liusiyuan/.m2/repository/net/sf/jasperreports/jasperreports/6.15.0/jasperreports-6.15.0.jar:/Users/liusiyuan/.m2/repository/commons-beanutils/commons-beanutils/1.9.4/commons-beanutils-1.9.4.jar:/Users/liusiyuan/.m2/repository/commons-collections/commons-collections/3.2.2/commons-collections-3.2.2.jar:/Users/liusiyuan/.m2/repository/commons-digester/commons-digester/2.1/commons-digester-2.1.jar:/Users/liusiyuan/.m2/repository/commons-logging/commons-logging/1.1.1/commons-logging-1.1.1.jar:/Users/liusiyuan/.m2/repository/com/lowagie/itext/2.1.7.js8/itext-2.1.7.js8.jar:/Users/liusiyuan/.m2/repository/org/bouncycastle/bcprov-jdk15on/1.64/bcprov-jdk15on-1.64.jar:/Users/liusiyuan/.m2/repository/org/jfree/jcommon/1.0.23/jcommon-1.0.23.jar:/Users/liusiyuan/.m2/repository/org/jfree/jfreechart/1.0.19/jfreechart-1.0.19.jar:/Users/liusiyuan/.m2/repository/org/eclipse/jdt/ecj/3.21.0/ecj-3.21.0.jar:/Users/liusiyuan/.m2/repository/org/codehaus/castor/castor-xml/1.4.1/castor-xml-1.4.1.jar:/Users/liusiyuan/.m2/repository/org/codehaus/castor/castor-core/1.4.1/castor-core-1.4.1.jar:/Users/liusiyuan/.m2/repository/com/fasterxml/jackson/core/jackson-core/2.11.4/jackson-core-2.11.4.jar:/Users/liusiyuan/.m2/repository/com/fasterxml/jackson/core/jackson-databind/2.11.4/jackson-databind-2.11.4.jar:/Users/liusiyuan/.m2/repository/com/fasterxml/jackson/core/jackson-annotations/2.11.4/jackson-annotations-2.11.4.jar:/Users/liusiyuan/.m2/repository/org/springframework/cloud/spring-cloud-starter-netflix-eureka-client/3.0.1/spring-cloud-starter-netflix-eureka-client-3.0.1.jar:/Users/liusiyuan/.m2/repository/org/springframework/cloud/spring-cloud-starter/3.0.1/spring-cloud-starter-3.0.1.jar:/Users/liusiyuan/.m2/repository/org/springframework/cloud/spring-cloud-context/3.0.1/spring-cloud-context-3.0.1.jar:/Users/liusiyuan/.m2/repository/org/springframework/security/spring-security-crypto/5.4.5/spring-security-crypto-5.4.5.jar:/Users/liusiyuan/.m2/repository/org/springframework/cloud/spring-cloud-commons/3.0.1/spring-cloud-commons-3.0.1.jar:/Users/liusiyuan/.m2/repository/org/springframework/security/spring-security-rsa/1.0.9.RELEASE/spring-security-rsa-1.0.9.RELEASE.jar:/Users/liusiyuan/.m2/repository/org/bouncycastle/bcpkix-jdk15on/1.64/bcpkix-jdk15on-1.64.jar:/Users/liusiyuan/.m2/repository/org/springframework/cloud/spring-cloud-netflix-eureka-client/3.0.1/spring-cloud-netflix-eureka-client-3.0.1.jar:/Users/liusiyuan/.m2/repository/com/netflix/eureka/eureka-client/1.10.11/eureka-client-1.10.11.jar:/Users/liusiyuan/.m2/repository/com/netflix/netflix-commons/netflix-eventbus/0.3.0/netflix-eventbus-0.3.0.jar:/Users/liusiyuan/.m2/repository/com/netflix/netflix-commons/netflix-infix/0.3.0/netflix-infix-0.3.0.jar:/Users/liusiyuan/.m2/repository/commons-jxpath/commons-jxpath/1.3/commons-jxpath-1.3.jar:/Users/liusiyuan/.m2/repository/org/antlr/antlr-runtime/3.4/antlr-runtime-3.4.jar:/Users/liusiyuan/.m2/repository/org/antlr/stringtemplate/3.2.1/stringtemplate-3.2.1.jar:/Users/liusiyuan/.m2/repository/antlr/antlr/2.7.7/antlr-2.7.7.jar:/Users/liusiyuan/.m2/repository/com/google/code/gson/gson/2.8.6/gson-2.8.6.jar:/Users/liusiyuan/.m2/repository/org/apache/commons/commons-math/2.2/commons-math-2.2.jar:/Users/liusiyuan/.m2/repository/com/thoughtworks/xstream/xstream/1.4.14/xstream-1.4.14.jar:/Users/liusiyuan/.m2/repository/xmlpull/xmlpull/1.1.3.1/xmlpull-1.1.3.1.jar:/Users/liusiyuan/.m2/repository/xpp3/xpp3_min/1.1.4c/xpp3_min-1.1.4c.jar:/Users/liusiyuan/.m2/repository/javax/ws/rs/jsr311-api/1.1.1/jsr311-api-1.1.1.jar:/Users/liusiyuan/.m2/repository/com/netflix/servo/servo-core/0.12.21/servo-core-0.12.21.jar:/Users/liusiyuan/.m2/repository/commons-configuration/commons-configuration/1.10/commons-configuration-1.10.jar:/Users/liusiyuan/.m2/repository/com/google/inject/guice/4.1.0/guice-4.1.0.jar:/Users/liusiyuan/.m2/repository/aopalliance/aopalliance/1.0/aopalliance-1.0.jar:/Users/liusiyuan/.m2/repository/org/codehaus/jettison/jettison/1.4.0/jettison-1.4.0.jar:/Users/liusiyuan/.m2/repository/com/netflix/eureka/eureka-core/1.10.11/eureka-core-1.10.11.jar:/Users/liusiyuan/.m2/repository/com/fasterxml/woodstox/woodstox-core/5.3.0/woodstox-core-5.3.0.jar:/Users/liusiyuan/.m2/repository/org/codehaus/woodstox/stax2-api/4.2/stax2-api-4.2.jar:/Users/liusiyuan/.m2/repository/org/springframework/cloud/spring-cloud-starter-loadbalancer/3.0.1/spring-cloud-starter-loadbalancer-3.0.1.jar:/Users/liusiyuan/.m2/repository/org/springframework/cloud/spring-cloud-loadbalancer/3.0.1/spring-cloud-loadbalancer-3.0.1.jar:/Users/liusiyuan/.m2/repository/org/springframework/boot/spring-boot-starter-validation/2.4.3/spring-boot-starter-validation-2.4.3.jar:/Users/liusiyuan/.m2/repository/io/projectreactor/reactor-core/3.4.3/reactor-core-3.4.3.jar:/Users/liusiyuan/.m2/repository/org/reactivestreams/reactive-streams/1.0.3/reactive-streams-1.0.3.jar:/Users/liusiyuan/.m2/repository/io/projectreactor/addons/reactor-extra/3.4.2/reactor-extra-3.4.2.jar:/Users/liusiyuan/.m2/repository/org/springframework/boot/spring-boot-starter-cache/2.4.3/spring-boot-starter-cache-2.4.3.jar:/Users/liusiyuan/.m2/repository/org/springframework/spring-context-support/5.3.4/spring-context-support-5.3.4.jar:/Users/liusiyuan/.m2/repository/com/stoyanr/evictor/1.0.0/evictor-1.0.0.jar:/Users/liusiyuan/.m2/repository/org/springframework/cloud/spring-cloud-starter-netflix-ribbon/2.1.1.RELEASE/spring-cloud-starter-netflix-ribbon-2.1.1.RELEASE.jar:/Users/liusiyuan/.m2/repository/org/springframework/cloud/spring-cloud-netflix-ribbon/2.1.1.RELEASE/spring-cloud-netflix-ribbon-2.1.1.RELEASE.jar:/Users/liusiyuan/.m2/repository/org/springframework/cloud/spring-cloud-netflix-archaius/2.1.1.RELEASE/spring-cloud-netflix-archaius-2.1.1.RELEASE.jar:/Users/liusiyuan/.m2/repository/org/springframework/cloud/spring-cloud-starter-netflix-archaius/2.1.1.RELEASE/spring-cloud-starter-netflix-archaius-2.1.1.RELEASE.jar:/Users/liusiyuan/.m2/repository/com/netflix/archaius/archaius-core/0.7.6/archaius-core-0.7.6.jar:/Users/liusiyuan/.m2/repository/com/google/code/findbugs/jsr305/3.0.1/jsr305-3.0.1.jar:/Users/liusiyuan/.m2/repository/com/netflix/ribbon/ribbon/2.3.0/ribbon-2.3.0.jar:/Users/liusiyuan/.m2/repository/com/netflix/ribbon/ribbon-transport/2.3.0/ribbon-transport-2.3.0.jar:/Users/liusiyuan/.m2/repository/io/reactivex/rxnetty-contexts/0.4.9/rxnetty-contexts-0.4.9.jar:/Users/liusiyuan/.m2/repository/io/reactivex/rxnetty-servo/0.4.9/rxnetty-servo-0.4.9.jar:/Users/liusiyuan/.m2/repository/com/netflix/hystrix/hystrix-core/1.4.3/hystrix-core-1.4.3.jar:/Users/liusiyuan/.m2/repository/io/reactivex/rxnetty/0.4.9/rxnetty-0.4.9.jar:/Users/liusiyuan/.m2/repository/com/netflix/ribbon/ribbon-core/2.3.0/ribbon-core-2.3.0.jar:/Users/liusiyuan/.m2/repository/commons-lang/commons-lang/2.6/commons-lang-2.6.jar:/Users/liusiyuan/.m2/repository/com/netflix/ribbon/ribbon-httpclient/2.3.0/ribbon-httpclient-2.3.0.jar:/Users/liusiyuan/.m2/repository/com/sun/jersey/jersey-client/1.19.1/jersey-client-1.19.1.jar:/Users/liusiyuan/.m2/repository/com/sun/jersey/jersey-core/1.19.1/jersey-core-1.19.1.jar:/Users/liusiyuan/.m2/repository/com/sun/jersey/contribs/jersey-apache-client4/1.19.1/jersey-apache-client4-1.19.1.jar:/Users/liusiyuan/.m2/repository/com/netflix/netflix-commons/netflix-commons-util/0.1.1/netflix-commons-util-0.1.1.jar:/Users/liusiyuan/.m2/repository/com/netflix/ribbon/ribbon-loadbalancer/2.3.0/ribbon-loadbalancer-2.3.0.jar:/Users/liusiyuan/.m2/repository/com/netflix/netflix-commons/netflix-statistics/0.1.1/netflix-statistics-0.1.1.jar:/Users/liusiyuan/.m2/repository/io/reactivex/rxjava/1.3.8/rxjava-1.3.8.jar:"/>
    <property name="java.vm.vendor" value="Oracle Corporation"/>
    <property name="sun.arch.data.model" value="64"/>
    <property name="java.vendor.url" value="https://openjdk.java.net/"/>
    <property name="os.name" value="Mac OS X"/>
    <property name="java.vm.specification.version" value="13"/>
    <property name="sun.java.launcher" value="SUN_STANDARD"/>
    <property name="user.country" value="US"/>
    <property name="sun.boot.library.path" value="/usr/local/Cellar/openjdk/13.0.2+8_2/libexec/openjdk.jdk/Contents/Home/lib"/>
    <property name="sun.java.command" value="/Users/liusiyuan/Desktop/Antra/Projects/reporting_system_aws/PDFService/target/surefire/surefirebooter9256601413516271270.jar /Users/liusiyuan/Desktop/Antra/Projects/reporting_system_aws/PDFService/target/surefire 2021-03-11T20-26-31_964-jvmRun1 surefire4399378441533186421tmp surefire_19278395049676630225tmp"/>
    <property name="jdk.debug" value="release"/>
    <property name="surefire.test.class.path" value="/Users/liusiyuan/Desktop/Antra/Projects/reporting_system_aws/PDFService/target/test-classes:/Users/liusiyuan/Desktop/Antra/Projects/reporting_system_aws/PDFService/target/classes:/Users/liusiyuan/.m2/repository/javax/xml/bind/jaxb-api/2.3.0/jaxb-api-2.3.0.jar:/Users/liusiyuan/.m2/repository/com/sun/xml/bind/jaxb-impl/2.3.0/jaxb-impl-2.3.0.jar:/Users/liusiyuan/.m2/repository/com/sun/xml/bind/jaxb-core/2.3.0/jaxb-core-2.3.0.jar:/Users/liusiyuan/.m2/repository/javax/activation/activation/1.1.1/activation-1.1.1.jar:/Users/liusiyuan/.m2/repository/org/springframework/boot/spring-boot-starter-web/2.4.3/spring-boot-starter-web-2.4.3.jar:/Users/liusiyuan/.m2/repository/org/springframework/boot/spring-boot-starter/2.4.3/spring-boot-starter-2.4.3.jar:/Users/liusiyuan/.m2/repository/org/springframework/boot/spring-boot-starter-logging/2.4.3/spring-boot-starter-logging-2.4.3.jar:/Users/liusiyuan/.m2/repository/ch/qos/logback/logback-classic/1.2.3/logback-classic-1.2.3.jar:/Users/liusiyuan/.m2/repository/ch/qos/logback/logback-core/1.2.3/logback-core-1.2.3.jar:/Users/liusiyuan/.m2/repository/org/apache/logging/log4j/log4j-to-slf4j/2.13.3/log4j-to-slf4j-2.13.3.jar:/Users/liusiyuan/.m2/repository/org/apache/logging/log4j/log4j-api/2.13.3/log4j-api-2.13.3.jar:/Users/liusiyuan/.m2/repository/org/slf4j/jul-to-slf4j/1.7.30/jul-to-slf4j-1.7.30.jar:/Users/liusiyuan/.m2/repository/jakarta/annotation/jakarta.annotation-api/1.3.5/jakarta.annotation-api-1.3.5.jar:/Users/liusiyuan/.m2/repository/org/yaml/snakeyaml/1.27/snakeyaml-1.27.jar:/Users/liusiyuan/.m2/repository/org/springframework/boot/spring-boot-starter-json/2.4.3/spring-boot-starter-json-2.4.3.jar:/Users/liusiyuan/.m2/repository/com/fasterxml/jackson/datatype/jackson-datatype-jdk8/2.11.4/jackson-datatype-jdk8-2.11.4.jar:/Users/liusiyuan/.m2/repository/com/fasterxml/jackson/datatype/jackson-datatype-jsr310/2.11.4/jackson-datatype-jsr310-2.11.4.jar:/Users/liusiyuan/.m2/repository/com/fasterxml/jackson/module/jackson-module-parameter-names/2.11.4/jackson-module-parameter-names-2.11.4.jar:/Users/liusiyuan/.m2/repository/org/springframework/boot/spring-boot-starter-tomcat/2.4.3/spring-boot-starter-tomcat-2.4.3.jar:/Users/liusiyuan/.m2/repository/org/apache/tomcat/embed/tomcat-embed-core/9.0.43/tomcat-embed-core-9.0.43.jar:/Users/liusiyuan/.m2/repository/org/glassfish/jakarta.el/3.0.3/jakarta.el-3.0.3.jar:/Users/liusiyuan/.m2/repository/org/apache/tomcat/embed/tomcat-embed-websocket/9.0.43/tomcat-embed-websocket-9.0.43.jar:/Users/liusiyuan/.m2/repository/org/springframework/spring-web/5.3.4/spring-web-5.3.4.jar:/Users/liusiyuan/.m2/repository/org/springframework/spring-beans/5.3.4/spring-beans-5.3.4.jar:/Users/liusiyuan/.m2/repository/org/springframework/spring-webmvc/5.3.4/spring-webmvc-5.3.4.jar:/Users/liusiyuan/.m2/repository/org/springframework/spring-aop/5.3.4/spring-aop-5.3.4.jar:/Users/liusiyuan/.m2/repository/org/springframework/spring-expression/5.3.4/spring-expression-5.3.4.jar:/Users/liusiyuan/.m2/repository/io/springfox/springfox-swagger2/2.9.2/springfox-swagger2-2.9.2.jar:/Users/liusiyuan/.m2/repository/io/swagger/swagger-annotations/1.5.20/swagger-annotations-1.5.20.jar:/Users/liusiyuan/.m2/repository/io/swagger/swagger-models/1.5.20/swagger-models-1.5.20.jar:/Users/liusiyuan/.m2/repository/io/springfox/springfox-spi/2.9.2/springfox-spi-2.9.2.jar:/Users/liusiyuan/.m2/repository/io/springfox/springfox-core/2.9.2/springfox-core-2.9.2.jar:/Users/liusiyuan/.m2/repository/io/springfox/springfox-schema/2.9.2/springfox-schema-2.9.2.jar:/Users/liusiyuan/.m2/repository/io/springfox/springfox-swagger-common/2.9.2/springfox-swagger-common-2.9.2.jar:/Users/liusiyuan/.m2/repository/io/springfox/springfox-spring-web/2.9.2/springfox-spring-web-2.9.2.jar:/Users/liusiyuan/.m2/repository/com/google/guava/guava/20.0/guava-20.0.jar:/Users/liusiyuan/.m2/repository/com/fasterxml/classmate/1.5.1/classmate-1.5.1.jar:/Users/liusiyuan/.m2/repository/org/slf4j/slf4j-api/1.7.30/slf4j-api-1.7.30.jar:/Users/liusiyuan/.m2/repository/org/springframework/plugin/spring-plugin-core/1.2.0.RELEASE/spring-plugin-core-1.2.0.RELEASE.jar:/Users/liusiyuan/.m2/repository/org/springframework/plugin/spring-plugin-metadata/1.2.0.RELEASE/spring-plugin-metadata-1.2.0.RELEASE.jar:/Users/liusiyuan/.m2/repository/org/mapstruct/mapstruct/1.2.0.Final/mapstruct-1.2.0.Final.jar:/Users/liusiyuan/.m2/repository/io/springfox/springfox-swagger-ui/2.0.2/springfox-swagger-ui-2.0.2.jar:/Users/liusiyuan/.m2/repository/org/apache/poi/poi/4.1.0/poi-4.1.0.jar:/Users/liusiyuan/.m2/repository/commons-codec/commons-codec/1.15/commons-codec-1.15.jar:/Users/liusiyuan/.m2/repository/org/apache/commons/commons-collections4/4.3/commons-collections4-4.3.jar:/Users/liusiyuan/.m2/repository/org/apache/commons/commons-math3/3.6.1/commons-math3-3.6.1.jar:/Users/liusiyuan/.m2/repository/org/apache/poi/poi-ooxml/4.1.0/poi-ooxml-4.1.0.jar:/Users/liusiyuan/.m2/repository/org/apache/commons/commons-compress/1.18/commons-compress-1.18.jar:/Users/liusiyuan/.m2/repository/com/github/virtuald/curvesapi/1.06/curvesapi-1.06.jar:/Users/liusiyuan/.m2/repository/org/apache/poi/poi-scratchpad/4.1.0/poi-scratchpad-4.1.0.jar:/Users/liusiyuan/.m2/repository/org/apache/poi/poi-ooxml-schemas/4.1.0/poi-ooxml-schemas-4.1.0.jar:/Users/liusiyuan/.m2/repository/org/apache/xmlbeans/xmlbeans/3.1.0/xmlbeans-3.1.0.jar:/Users/liusiyuan/.m2/repository/fr/opensagres/xdocreport/fr.opensagres.poi.xwpf.converter.pdf/2.0.2/fr.opensagres.poi.xwpf.converter.pdf-2.0.2.jar:/Users/liusiyuan/.m2/repository/fr/opensagres/xdocreport/fr.opensagres.poi.xwpf.converter.core/2.0.2/fr.opensagres.poi.xwpf.converter.core-2.0.2.jar:/Users/liusiyuan/.m2/repository/org/apache/poi/ooxml-schemas/1.4/ooxml-schemas-1.4.jar:/Users/liusiyuan/.m2/repository/fr/opensagres/xdocreport/fr.opensagres.xdocreport.itext.extension/2.0.2/fr.opensagres.xdocreport.itext.extension-2.0.2.jar:/Users/liusiyuan/.m2/repository/org/springframework/boot/spring-boot-devtools/2.4.3/spring-boot-devtools-2.4.3.jar:/Users/liusiyuan/.m2/repository/org/springframework/boot/spring-boot/2.4.3/spring-boot-2.4.3.jar:/Users/liusiyuan/.m2/repository/org/springframework/boot/spring-boot-autoconfigure/2.4.3/spring-boot-autoconfigure-2.4.3.jar:/Users/liusiyuan/.m2/repository/org/springframework/boot/spring-boot-starter-test/2.4.3/spring-boot-starter-test-2.4.3.jar:/Users/liusiyuan/.m2/repository/org/springframework/boot/spring-boot-test/2.4.3/spring-boot-test-2.4.3.jar:/Users/liusiyuan/.m2/repository/org/springframework/boot/spring-boot-test-autoconfigure/2.4.3/spring-boot-test-autoconfigure-2.4.3.jar:/Users/liusiyuan/.m2/repository/com/jayway/jsonpath/json-path/2.4.0/json-path-2.4.0.jar:/Users/liusiyuan/.m2/repository/net/minidev/json-smart/2.3/json-smart-2.3.jar:/Users/liusiyuan/.m2/repository/net/minidev/accessors-smart/1.2/accessors-smart-1.2.jar:/Users/liusiyuan/.m2/repository/org/ow2/asm/asm/5.0.4/asm-5.0.4.jar:/Users/liusiyuan/.m2/repository/jakarta/xml/bind/jakarta.xml.bind-api/2.3.3/jakarta.xml.bind-api-2.3.3.jar:/Users/liusiyuan/.m2/repository/jakarta/activation/jakarta.activation-api/1.2.2/jakarta.activation-api-1.2.2.jar:/Users/liusiyuan/.m2/repository/org/assertj/assertj-core/3.18.1/assertj-core-3.18.1.jar:/Users/liusiyuan/.m2/repository/org/hamcrest/hamcrest/2.2/hamcrest-2.2.jar:/Users/liusiyuan/.m2/repository/org/junit/jupiter/junit-jupiter/5.7.1/junit-jupiter-5.7.1.jar:/Users/liusiyuan/.m2/repository/org/junit/jupiter/junit-jupiter-api/5.7.1/junit-jupiter-api-5.7.1.jar:/Users/liusiyuan/.m2/repository/org/apiguardian/apiguardian-api/1.1.0/apiguardian-api-1.1.0.jar:/Users/liusiyuan/.m2/repository/org/opentest4j/opentest4j/1.2.0/opentest4j-1.2.0.jar:/Users/liusiyuan/.m2/repository/org/junit/platform/junit-platform-commons/1.7.1/junit-platform-commons-1.7.1.jar:/Users/liusiyuan/.m2/repository/org/junit/jupiter/junit-jupiter-params/5.7.1/junit-jupiter-params-5.7.1.jar:/Users/liusiyuan/.m2/repository/org/junit/jupiter/junit-jupiter-engine/5.7.1/junit-jupiter-engine-5.7.1.jar:/Users/liusiyuan/.m2/repository/org/junit/platform/junit-platform-engine/1.7.1/junit-platform-engine-1.7.1.jar:/Users/liusiyuan/.m2/repository/org/mockito/mockito-core/3.6.28/mockito-core-3.6.28.jar:/Users/liusiyuan/.m2/repository/net/bytebuddy/byte-buddy/1.10.20/byte-buddy-1.10.20.jar:/Users/liusiyuan/.m2/repository/net/bytebuddy/byte-buddy-agent/1.10.20/byte-buddy-agent-1.10.20.jar:/Users/liusiyuan/.m2/repository/org/objenesis/objenesis/3.1/objenesis-3.1.jar:/Users/liusiyuan/.m2/repository/org/mockito/mockito-junit-jupiter/3.6.28/mockito-junit-jupiter-3.6.28.jar:/Users/liusiyuan/.m2/repository/org/skyscreamer/jsonassert/1.5.0/jsonassert-1.5.0.jar:/Users/liusiyuan/.m2/repository/com/vaadin/external/google/android-json/0.0.20131108.vaadin1/android-json-0.0.20131108.vaadin1.jar:/Users/liusiyuan/.m2/repository/org/springframework/spring-core/5.3.4/spring-core-5.3.4.jar:/Users/liusiyuan/.m2/repository/org/springframework/spring-jcl/5.3.4/spring-jcl-5.3.4.jar:/Users/liusiyuan/.m2/repository/org/springframework/spring-test/5.3.4/spring-test-5.3.4.jar:/Users/liusiyuan/.m2/repository/org/xmlunit/xmlunit-core/2.7.0/xmlunit-core-2.7.0.jar:/Users/liusiyuan/.m2/repository/io/rest-assured/spring-mock-mvc/3.0.7/spring-mock-mvc-3.0.7.jar:/Users/liusiyuan/.m2/repository/io/rest-assured/rest-assured/3.3.0/rest-assured-3.3.0.jar:/Users/liusiyuan/.m2/repository/org/codehaus/groovy/groovy/2.5.14/groovy-2.5.14.jar:/Users/liusiyuan/.m2/repository/org/codehaus/groovy/groovy-xml/2.5.14/groovy-xml-2.5.14.jar:/Users/liusiyuan/.m2/repository/org/apache/httpcomponents/httpclient/4.5.13/httpclient-4.5.13.jar:/Users/liusiyuan/.m2/repository/org/apache/httpcomponents/httpcore/4.4.14/httpcore-4.4.14.jar:/Users/liusiyuan/.m2/repository/org/apache/httpcomponents/httpmime/4.5.13/httpmime-4.5.13.jar:/Users/liusiyuan/.m2/repository/org/hamcrest/hamcrest-core/2.2/hamcrest-core-2.2.jar:/Users/liusiyuan/.m2/repository/org/hamcrest/hamcrest-library/2.2/hamcrest-library-2.2.jar:/Users/liusiyuan/.m2/repository/org/ccil/cowan/tagsoup/tagsoup/1.2.1/tagsoup-1.2.1.jar:/Users/liusiyuan/.m2/repository/io/rest-assured/json-path/3.3.0/json-path-3.3.0.jar:/Users/liusiyuan/.m2/repository/org/codehaus/groovy/groovy-json/2.5.14/groovy-json-2.5.14.jar:/Users/liusiyuan/.m2/repository/io/rest-assured/rest-assured-common/3.3.0/rest-assured-common-3.3.0.jar:/Users/liusiyuan/.m2/repository/io/rest-assured/xml-path/3.3.0/xml-path-3.3.0.jar:/Users/liusiyuan/.m2/repository/com/sun/xml/bind/jaxb-osgi/2.2.10/jaxb-osgi-2.2.10.jar:/Users/liusiyuan/.m2/repository/org/apache/sling/org.apache.sling.javax.activation/0.1.0/org.apache.sling.javax.activation-0.1.0.jar:/Users/liusiyuan/.m2/repository/org/hamcrest/hamcrest-all/1.3/hamcrest-all-1.3.jar:/Users/liusiyuan/.m2/repository/org/springframework/cloud/spring-cloud-aws-messaging/2.2.1.RELEASE/spring-cloud-aws-messaging-2.2.1.RELEASE.jar:/Users/liusiyuan/.m2/repository/org/springframework/cloud/spring-cloud-aws-context/2.2.1.RELEASE/spring-cloud-aws-context-2.2.1.RELEASE.jar:/Users/liusiyuan/.m2/repository/org/springframework/cloud/spring-cloud-aws-core/2.2.1.RELEASE/spring-cloud-aws-core-2.2.1.RELEASE.jar:/Users/liusiyuan/.m2/repository/com/amazonaws/aws-java-sdk-ec2/1.11.415/aws-java-sdk-ec2-1.11.415.jar:/Users/liusiyuan/.m2/repository/com/amazonaws/aws-java-sdk-cloudformation/1.11.415/aws-java-sdk-cloudformation-1.11.415.jar:/Users/liusiyuan/.m2/repository/com/amazonaws/aws-java-sdk-sns/1.11.415/aws-java-sdk-sns-1.11.415.jar:/Users/liusiyuan/.m2/repository/com/amazonaws/aws-java-sdk-core/1.11.415/aws-java-sdk-core-1.11.415.jar:/Users/liusiyuan/.m2/repository/software/amazon/ion/ion-java/1.0.2/ion-java-1.0.2.jar:/Users/liusiyuan/.m2/repository/com/fasterxml/jackson/dataformat/jackson-dataformat-cbor/2.11.4/jackson-dataformat-cbor-2.11.4.jar:/Users/liusiyuan/.m2/repository/joda-time/joda-time/2.8.1/joda-time-2.8.1.jar:/Users/liusiyuan/.m2/repository/com/amazonaws/jmespath-java/1.11.415/jmespath-java-1.11.415.jar:/Users/liusiyuan/.m2/repository/com/amazonaws/aws-java-sdk-sqs/1.11.415/aws-java-sdk-sqs-1.11.415.jar:/Users/liusiyuan/.m2/repository/org/springframework/spring-messaging/5.3.4/spring-messaging-5.3.4.jar:/Users/liusiyuan/.m2/repository/javax/activation/javax.activation-api/1.2.0/javax.activation-api-1.2.0.jar:/Users/liusiyuan/.m2/repository/org/springframework/cloud/spring-cloud-starter-aws/2.2.1.RELEASE/spring-cloud-starter-aws-2.2.1.RELEASE.jar:/Users/liusiyuan/.m2/repository/org/springframework/cloud/spring-cloud-aws-autoconfigure/2.2.1.RELEASE/spring-cloud-aws-autoconfigure-2.2.1.RELEASE.jar:/Users/liusiyuan/.m2/repository/org/springframework/boot/spring-boot-starter-data-mongodb/2.4.3/spring-boot-starter-data-mongodb-2.4.3.jar:/Users/liusiyuan/.m2/repository/org/mongodb/mongodb-driver-sync/4.1.1/mongodb-driver-sync-4.1.1.jar:/Users/liusiyuan/.m2/repository/org/mongodb/bson/4.1.1/bson-4.1.1.jar:/Users/liusiyuan/.m2/repository/org/mongodb/mongodb-driver-core/4.1.1/mongodb-driver-core-4.1.1.jar:/Users/liusiyuan/.m2/repository/org/springframework/data/spring-data-mongodb/3.1.5/spring-data-mongodb-3.1.5.jar:/Users/liusiyuan/.m2/repository/com/github/derjust/spring-data-dynamodb/5.1.0/spring-data-dynamodb-5.1.0.jar:/Users/liusiyuan/.m2/repository/org/springframework/spring-context/5.3.4/spring-context-5.3.4.jar:/Users/liusiyuan/.m2/repository/org/springframework/spring-tx/5.3.4/spring-tx-5.3.4.jar:/Users/liusiyuan/.m2/repository/org/springframework/data/spring-data-commons/2.4.5/spring-data-commons-2.4.5.jar:/Users/liusiyuan/.m2/repository/org/hibernate/validator/hibernate-validator/6.1.7.Final/hibernate-validator-6.1.7.Final.jar:/Users/liusiyuan/.m2/repository/jakarta/validation/jakarta.validation-api/2.0.2/jakarta.validation-api-2.0.2.jar:/Users/liusiyuan/.m2/repository/org/jboss/logging/jboss-logging/3.4.1.Final/jboss-logging-3.4.1.Final.jar:/Users/liusiyuan/.m2/repository/com/amazonaws/aws-java-sdk-dynamodb/1.11.443/aws-java-sdk-dynamodb-1.11.443.jar:/Users/liusiyuan/.m2/repository/com/amazonaws/aws-java-sdk-s3/1.11.443/aws-java-sdk-s3-1.11.443.jar:/Users/liusiyuan/.m2/repository/com/amazonaws/aws-java-sdk-kms/1.11.443/aws-java-sdk-kms-1.11.443.jar:/Users/liusiyuan/.m2/repository/javax/enterprise/cdi-api/1.2/cdi-api-1.2.jar:/Users/liusiyuan/.m2/repository/javax/el/javax.el-api/3.0.0/javax.el-api-3.0.0.jar:/Users/liusiyuan/.m2/repository/javax/interceptor/javax.interceptor-api/1.2/javax.interceptor-api-1.2.jar:/Users/liusiyuan/.m2/repository/javax/inject/javax.inject/1/javax.inject-1.jar:/Users/liusiyuan/.m2/repository/de/flapdoodle/embed/de.flapdoodle.embed.mongo/2.2.0/de.flapdoodle.embed.mongo-2.2.0.jar:/Users/liusiyuan/.m2/repository/de/flapdoodle/embed/de.flapdoodle.embed.process/2.1.2/de.flapdoodle.embed.process-2.1.2.jar:/Users/liusiyuan/.m2/repository/org/apache/commons/commons-lang3/3.11/commons-lang3-3.11.jar:/Users/liusiyuan/.m2/repository/net/java/dev/jna/jna/4.0.0/jna-4.0.0.jar:/Users/liusiyuan/.m2/repository/net/java/dev/jna/jna-platform/4.0.0/jna-platform-4.0.0.jar:/Users/liusiyuan/.m2/repository/net/sf/jasperreports/jasperreports/6.15.0/jasperreports-6.15.0.jar:/Users/liusiyuan/.m2/repository/commons-beanutils/commons-beanutils/1.9.4/commons-beanutils-1.9.4.jar:/Users/liusiyuan/.m2/repository/commons-collections/commons-collections/3.2.2/commons-collections-3.2.2.jar:/Users/liusiyuan/.m2/repository/commons-digester/commons-digester/2.1/commons-digester-2.1.jar:/Users/liusiyuan/.m2/repository/commons-logging/commons-logging/1.1.1/commons-logging-1.1.1.jar:/Users/liusiyuan/.m2/repository/com/lowagie/itext/2.1.7.js8/itext-2.1.7.js8.jar:/Users/liusiyuan/.m2/repository/org/bouncycastle/bcprov-jdk15on/1.64/bcprov-jdk15on-1.64.jar:/Users/liusiyuan/.m2/repository/org/jfree/jcommon/1.0.23/jcommon-1.0.23.jar:/Users/liusiyuan/.m2/repository/org/jfree/jfreechart/1.0.19/jfreechart-1.0.19.jar:/Users/liusiyuan/.m2/repository/org/eclipse/jdt/ecj/3.21.0/ecj-3.21.0.jar:/Users/liusiyuan/.m2/repository/org/codehaus/castor/castor-xml/1.4.1/castor-xml-1.4.1.jar:/Users/liusiyuan/.m2/repository/org/codehaus/castor/castor-core/1.4.1/castor-core-1.4.1.jar:/Users/liusiyuan/.m2/repository/com/fasterxml/jackson/core/jackson-core/2.11.4/jackson-core-2.11.4.jar:/Users/liusiyuan/.m2/repository/com/fasterxml/jackson/core/jackson-databind/2.11.4/jackson-databind-2.11.4.jar:/Users/liusiyuan/.m2/repository/com/fasterxml/jackson/core/jackson-annotations/2.11.4/jackson-annotations-2.11.4.jar:/Users/liusiyuan/.m2/repository/org/springframework/cloud/spring-cloud-starter-netflix-eureka-client/3.0.1/spring-cloud-starter-netflix-eureka-client-3.0.1.jar:/Users/liusiyuan/.m2/repository/org/springframework/cloud/spring-cloud-starter/3.0.1/spring-cloud-starter-3.0.1.jar:/Users/liusiyuan/.m2/repository/org/springframework/cloud/spring-cloud-context/3.0.1/spring-cloud-context-3.0.1.jar:/Users/liusiyuan/.m2/repository/org/springframework/security/spring-security-crypto/5.4.5/spring-security-crypto-5.4.5.jar:/Users/liusiyuan/.m2/repository/org/springframework/cloud/spring-cloud-commons/3.0.1/spring-cloud-commons-3.0.1.jar:/Users/liusiyuan/.m2/repository/org/springframework/security/spring-security-rsa/1.0.9.RELEASE/spring-security-rsa-1.0.9.RELEASE.jar:/Users/liusiyuan/.m2/repository/org/bouncycastle/bcpkix-jdk15on/1.64/bcpkix-jdk15on-1.64.jar:/Users/liusiyuan/.m2/repository/org/springframework/cloud/spring-cloud-netflix-eureka-client/3.0.1/spring-cloud-netflix-eureka-client-3.0.1.jar:/Users/liusiyuan/.m2/repository/com/netflix/eureka/eureka-client/1.10.11/eureka-client-1.10.11.jar:/Users/liusiyuan/.m2/repository/com/netflix/netflix-commons/netflix-eventbus/0.3.0/netflix-eventbus-0.3.0.jar:/Users/liusiyuan/.m2/repository/com/netflix/netflix-commons/netflix-infix/0.3.0/netflix-infix-0.3.0.jar:/Users/liusiyuan/.m2/repository/commons-jxpath/commons-jxpath/1.3/commons-jxpath-1.3.jar:/Users/liusiyuan/.m2/repository/org/antlr/antlr-runtime/3.4/antlr-runtime-3.4.jar:/Users/liusiyuan/.m2/repository/org/antlr/stringtemplate/3.2.1/stringtemplate-3.2.1.jar:/Users/liusiyuan/.m2/repository/antlr/antlr/2.7.7/antlr-2.7.7.jar:/Users/liusiyuan/.m2/repository/com/google/code/gson/gson/2.8.6/gson-2.8.6.jar:/Users/liusiyuan/.m2/repository/org/apache/commons/commons-math/2.2/commons-math-2.2.jar:/Users/liusiyuan/.m2/repository/com/thoughtworks/xstream/xstream/1.4.14/xstream-1.4.14.jar:/Users/liusiyuan/.m2/repository/xmlpull/xmlpull/1.1.3.1/xmlpull-1.1.3.1.jar:/Users/liusiyuan/.m2/repository/xpp3/xpp3_min/1.1.4c/xpp3_min-1.1.4c.jar:/Users/liusiyuan/.m2/repository/javax/ws/rs/jsr311-api/1.1.1/jsr311-api-1.1.1.jar:/Users/liusiyuan/.m2/repository/com/netflix/servo/servo-core/0.12.21/servo-core-0.12.21.jar:/Users/liusiyuan/.m2/repository/commons-configuration/commons-configuration/1.10/commons-configuration-1.10.jar:/Users/liusiyuan/.m2/repository/com/google/inject/guice/4.1.0/guice-4.1.0.jar:/Users/liusiyuan/.m2/repository/aopalliance/aopalliance/1.0/aopalliance-1.0.jar:/Users/liusiyuan/.m2/repository/org/codehaus/jettison/jettison/1.4.0/jettison-1.4.0.jar:/Users/liusiyuan/.m2/repository/com/netflix/eureka/eureka-core/1.10.11/eureka-core-1.10.11.jar:/Users/liusiyuan/.m2/repository/com/fasterxml/woodstox/woodstox-core/5.3.0/woodstox-core-5.3.0.jar:/Users/liusiyuan/.m2/repository/org/codehaus/woodstox/stax2-api/4.2/stax2-api-4.2.jar:/Users/liusiyuan/.m2/repository/org/springframework/cloud/spring-cloud-starter-loadbalancer/3.0.1/spring-cloud-starter-loadbalancer-3.0.1.jar:/Users/liusiyuan/.m2/repository/org/springframework/cloud/spring-cloud-loadbalancer/3.0.1/spring-cloud-loadbalancer-3.0.1.jar:/Users/liusiyuan/.m2/repository/org/springframework/boot/spring-boot-starter-validation/2.4.3/spring-boot-starter-validation-2.4.3.jar:/Users/liusiyuan/.m2/repository/io/projectreactor/reactor-core/3.4.3/reactor-core-3.4.3.jar:/Users/liusiyuan/.m2/repository/org/reactivestreams/reactive-streams/1.0.3/reactive-streams-1.0.3.jar:/Users/liusiyuan/.m2/repository/io/projectreactor/addons/reactor-extra/3.4.2/reactor-extra-3.4.2.jar:/Users/liusiyuan/.m2/repository/org/springframework/boot/spring-boot-starter-cache/2.4.3/spring-boot-starter-cache-2.4.3.jar:/Users/liusiyuan/.m2/repository/org/springframework/spring-context-support/5.3.4/spring-context-support-5.3.4.jar:/Users/liusiyuan/.m2/repository/com/stoyanr/evictor/1.0.0/evictor-1.0.0.jar:/Users/liusiyuan/.m2/repository/org/springframework/cloud/spring-cloud-starter-netflix-ribbon/2.1.1.RELEASE/spring-cloud-starter-netflix-ribbon-2.1.1.RELEASE.jar:/Users/liusiyuan/.m2/repository/org/springframework/cloud/spring-cloud-netflix-ribbon/2.1.1.RELEASE/spring-cloud-netflix-ribbon-2.1.1.RELEASE.jar:/Users/liusiyuan/.m2/repository/org/springframework/cloud/spring-cloud-netflix-archaius/2.1.1.RELEASE/spring-cloud-netflix-archaius-2.1.1.RELEASE.jar:/Users/liusiyuan/.m2/repository/org/springframework/cloud/spring-cloud-starter-netflix-archaius/2.1.1.RELEASE/spring-cloud-starter-netflix-archaius-2.1.1.RELEASE.jar:/Users/liusiyuan/.m2/repository/com/netflix/archaius/archaius-core/0.7.6/archaius-core-0.7.6.jar:/Users/liusiyuan/.m2/repository/com/google/code/findbugs/jsr305/3.0.1/jsr305-3.0.1.jar:/Users/liusiyuan/.m2/repository/com/netflix/ribbon/ribbon/2.3.0/ribbon-2.3.0.jar:/Users/liusiyuan/.m2/repository/com/netflix/ribbon/ribbon-transport/2.3.0/ribbon-transport-2.3.0.jar:/Users/liusiyuan/.m2/repository/io/reactivex/rxnetty-contexts/0.4.9/rxnetty-contexts-0.4.9.jar:/Users/liusiyuan/.m2/repository/io/reactivex/rxnetty-servo/0.4.9/rxnetty-servo-0.4.9.jar:/Users/liusiyuan/.m2/repository/com/netflix/hystrix/hystrix-core/1.4.3/hystrix-core-1.4.3.jar:/Users/liusiyuan/.m2/repository/io/reactivex/rxnetty/0.4.9/rxnetty-0.4.9.jar:/Users/liusiyuan/.m2/repository/com/netflix/ribbon/ribbon-core/2.3.0/ribbon-core-2.3.0.jar:/Users/liusiyuan/.m2/repository/commons-lang/commons-lang/2.6/commons-lang-2.6.jar:/Users/liusiyuan/.m2/repository/com/netflix/ribbon/ribbon-httpclient/2.3.0/ribbon-httpclient-2.3.0.jar:/Users/liusiyuan/.m2/repository/com/sun/jersey/jersey-client/1.19.1/jersey-client-1.19.1.jar:/Users/liusiyuan/.m2/repository/com/sun/jersey/jersey-core/1.19.1/jersey-core-1.19.1.jar:/Users/liusiyuan/.m2/repository/com/sun/jersey/contribs/jersey-apache-client4/1.19.1/jersey-apache-client4-1.19.1.jar:/Users/liusiyuan/.m2/repository/com/netflix/netflix-commons/netflix-commons-util/0.1.1/netflix-commons-util-0.1.1.jar:/Users/liusiyuan/.m2/repository/com/netflix/ribbon/ribbon-loadbalancer/2.3.0/ribbon-loadbalancer-2.3.0.jar:/Users/liusiyuan/.m2/repository/com/netflix/netflix-commons/netflix-statistics/0.1.1/netflix-statistics-0.1.1.jar:/Users/liusiyuan/.m2/repository/io/reactivex/rxjava/1.3.8/rxjava-1.3.8.jar:"/>
    <property name="sun.cpu.endian" value="little"/>
    <property name="user.home" value="/Users/liusiyuan"/>
    <property name="user.language" value="en"/>
    <property name="java.specification.vendor" value="Oracle Corporation"/>
    <property name="java.version.date" value="2020-01-14"/>
    <property name="java.home" value="/usr/local/Cellar/openjdk/13.0.2+8_2/libexec/openjdk.jdk/Contents/Home"/>
    <property name="file.separator" value="/"/>
    <property name="basedir" value="/Users/liusiyuan/Desktop/Antra/Projects/reporting_system_aws/PDFService"/>
    <property name="java.vm.compressedOopsMode" value="Zero based"/>
    <property name="line.separator" value="&#10;"/>
    <property name="java.vm.specification.vendor" value="Oracle Corporation"/>
    <property name="java.specification.name" value="Java Platform API Specification"/>
    <property name="surefire.real.class.path" value="/Users/liusiyuan/Desktop/Antra/Projects/reporting_system_aws/PDFService/target/surefire/surefirebooter9256601413516271270.jar"/>
    <property name="sun.management.compiler" value="HotSpot 64-Bit Tiered Compilers"/>
    <property name="java.runtime.version" value="13.0.2+8"/>
    <property name="user.name" value="liusiyuan"/>
    <property name="path.separator" value=":"/>
    <property name="os.version" value="10.15.7"/>
    <property name="java.runtime.name" value="OpenJDK Runtime Environment"/>
    <property name="file.encoding" value="UTF-8"/>
    <property name="java.vm.name" value="OpenJDK 64-Bit Server VM"/>
    <property name="localRepository" value="/Users/liusiyuan/.m2/repository"/>
    <property name="java.vendor.url.bug" value="https://bugreport.java.com/bugreport/"/>
    <property name="java.io.tmpdir" value="/var/folders/yj/zx04q0fn0sx06s3866x6hfm40000gn/T/"/>
    <property name="java.version" value="13.0.2"/>
    <property name="user.dir" value="/Users/liusiyuan/Desktop/Antra/Projects/reporting_system_aws/PDFService"/>
    <property name="os.arch" value="x86_64"/>
    <property name="java.vm.specification.name" value="Java Virtual Machine Specification"/>
    <property name="java.library.path" value="/Users/liusiyuan/Library/Java/Extensions:/Library/Java/Extensions:/Network/Library/Java/Extensions:/System/Library/Java/Extensions:/usr/lib/java:."/>
    <property name="java.vm.info" value="mixed mode, sharing"/>
    <property name="java.vendor" value="N/A"/>
    <property name="java.vm.version" value="13.0.2+8"/>
    <property name="sun.io.unicode.encoding" value="UnicodeBig"/>
    <property name="java.class.version" value="57.0"/>
  </properties>
  <testcase name="findFile" classname="com.antra.evaluation.reporting_system.PDFTest" time="0.032"/>
  <testcase name="pdf" classname="com.antra.evaluation.reporting_system.PDFTest" time="0.001"/>
</testsuite>